<?xml version="1.0" encoding="UTF-8"?>
<!-- Generated by org.testng.reporters.JUnitReportReporter -->
<testsuite hostname="LAPTOP-5PHMS7AK" failures="0" tests="1" name="com.simplilearn.demo.mAadharTest" time="6.732" errors="0" timestamp="2022-10-14T00:53:14 IST" skipped="0">
  <testcase classname="com.simplilearn.demo.mAadharTest" name="launchChrome" time="6.732"/>
  <system-out/>
</testsuite> <!-- com.simplilearn.demo.mAadharTest -->
